<?xml version="1.0" encoding="UTF-8"?>
<!-- Generated by org.testng.reporters.JUnitReportReporter -->
<testsuite hostname="LAPTOP-VSBTU4D1" failures="0" tests="7" name="login.TestRunnerLogin" time="156.363" errors="0" timestamp="2020-12-24T10:57:38 IST" skipped="0">
  <testcase classname="login.TestRunnerLogin" name="runScenario" time="19.886"/>
  <system-out/>
  <testcase classname="login.TestRunnerLogin" name="runScenario" time="26.264"/>
  <system-out/>
  <testcase classname="login.TestRunnerLogin" name="runScenario" time="16.300"/>
  <system-out/>
  <testcase classname="login.TestRunnerLogin" name="runScenario" time="19.659"/>
  <system-out/>
  <testcase classname="login.TestRunnerLogin" name="runScenario" time="31.835"/>
  <system-out/>
  <testcase classname="login.TestRunnerLogin" name="runScenario" time="21.776"/>
  <system-out/>
  <testcase classname="login.TestRunnerLogin" name="runScenario" time="20.643"/>
  <system-out/>
</testsuite> <!-- login.TestRunnerLogin -->
